c:\users\simon\documents\programming\tic tac toe\tic tac toe sfml\tic tac toe sfml\debug\vc142.pdb
c:\users\simon\documents\programming\tic tac toe\tic tac toe sfml\tic tac toe sfml\debug\vc142.idb
c:\users\simon\documents\programming\tic tac toe\tic tac toe sfml\tic tac toe sfml\debug\main.obj
c:\users\simon\documents\programming\tic tac toe\tic tac toe sfml\tic tac toe sfml\debug\machine.obj
c:\users\simon\documents\programming\tic tac toe\tic tac toe sfml\tic tac toe sfml\debug\assets.obj
c:\users\simon\documents\programming\tic tac toe\tic tac toe sfml\tic tac toe sfml\debug\manageinput.obj
c:\users\simon\documents\programming\tic tac toe\tic tac toe sfml\tic tac toe sfml\debug\game.obj
c:\users\simon\documents\programming\tic tac toe\tic tac toe sfml\tic tac toe sfml\debug\splashstate.obj
c:\users\simon\documents\programming\tic tac toe\tic tac toe sfml\tic tac toe sfml\debug\mainmenu.obj
c:\users\simon\documents\programming\github\tic-tac-toe\tic tac toe sfml\debug\vc142.pdb
c:\users\simon\documents\programming\github\tic-tac-toe\tic tac toe sfml\debug\vc142.idb
c:\users\simon\documents\programming\github\tic-tac-toe\tic tac toe sfml\debug\splashstate.obj
c:\users\simon\documents\programming\github\tic-tac-toe\tic tac toe sfml\debug\manageinput.obj
c:\users\simon\documents\programming\github\tic-tac-toe\tic tac toe sfml\debug\mainmenu.obj
c:\users\simon\documents\programming\github\tic-tac-toe\tic tac toe sfml\debug\main.obj
c:\users\simon\documents\programming\github\tic-tac-toe\tic tac toe sfml\debug\machine.obj
c:\users\simon\documents\programming\github\tic-tac-toe\tic tac toe sfml\debug\game.obj
c:\users\simon\documents\programming\github\tic-tac-toe\tic tac toe sfml\debug\assets.obj
c:\users\simon\documents\programming\github\tic-tac-toe\tic tac toe sfml\debug\gamestate.obj
c:\users\simon\documents\programming\github\tic-tac-toe\tic tac toe sfml\debug\pausestate.obj
c:\users\simon\documents\programming\github\tic-tac-toe\tic tac toe sfml\debug\gameoverstate.obj
c:\users\simon\documents\programming\github\tic-tac-toe\tic tac toe sfml\debug\artificial_intelligence.obj
c:\users\simon\documents\programming\tic tac toe\tic tac toe sfml\debug\tic tac toe sfml.exe
c:\users\simon\documents\programming\tic tac toe\tic tac toe sfml\debug\tic tac toe sfml.ilk
c:\users\simon\documents\programming\tic tac toe\tic tac toe sfml\debug\tic tac toe sfml.pdb
c:\users\simon\documents\programming\github\tic-tac-toe\debug\tic tac toe sfml.ilk
c:\users\simon\documents\programming\github\tic-tac-toe\debug\tic tac toe sfml.exe
c:\users\simon\documents\programming\github\tic-tac-toe\debug\tic tac toe sfml.pdb
c:\users\simon\documents\programming\github\tic-tac-toe\tic tac toe sfml\debug\tic tac toe sfml.tlog\cl.command.1.tlog
c:\users\simon\documents\programming\github\tic-tac-toe\tic tac toe sfml\debug\tic tac toe sfml.tlog\cl.read.1.tlog
c:\users\simon\documents\programming\github\tic-tac-toe\tic tac toe sfml\debug\tic tac toe sfml.tlog\cl.write.1.tlog
c:\users\simon\documents\programming\github\tic-tac-toe\tic tac toe sfml\debug\tic tac toe sfml.tlog\link.command.1.tlog
c:\users\simon\documents\programming\github\tic-tac-toe\tic tac toe sfml\debug\tic tac toe sfml.tlog\link.read.1.tlog
c:\users\simon\documents\programming\github\tic-tac-toe\tic tac toe sfml\debug\tic tac toe sfml.tlog\link.write.1.tlog
